e:\vsfile\jinglun\eyeblink\facealignment\examples\examples\release\vc120.pdb
e:\vsfile\jinglun\eyeblink\facealignment\examples\examples\release\track_initial.obj
e:\vsfile\jinglun\eyeblink\facealignment\examples\examples\release\track_eye.obj
e:\vsfile\jinglun\eyeblink\facealignment\examples\examples\release\destory.obj
e:\vsfile\jinglun\eyeblink\facealignment\examples\examples\release\face_alignment_test.obj
e:\vsfile\jinglun\eyeblink\facealignment\examples\examples\release\tracker.obj
e:\vsfile\jinglun\eyeblink\facealignment\examples\examples\release\drawrect.obj
e:\vsfile\jinglun\eyeblink\facealignment\examples\examples\release\config.obj
e:\vsfile\jinglun\eyeblink\facealignment\examples\examples\release\main.obj
e:\vsfile\jinglun\eyeblink\facealignment\examples\examples\release\lbp_59.obj
e:\vsfile\jinglun\eyeblink\facealignment\examples\examples\release\evaluate.obj
e:\vsfile\jinglun\eyeblink\facealignment\examples\examples\release\eql.obj
e:\vsfile\jinglun\eyeblink\facealignment\examples\examples\release\gradientmex.obj
e:\vsfile\jinglun\eyeblink\facealignment\examples\examples\release\stdafx.obj
e:\vsfile\jinglun\eyeblink\facealignment\examples\examples\release\cf.obj
e:\vsfile\jinglun\eyeblink\facealignment\examples\release\examples.lib
e:\vsfile\jinglun\eyeblink\facealignment\examples\release\examples.exp
e:\vsfile\jinglun\eyeblink\facealignment\examples\release\examples.exe
e:\vsfile\jinglun\eyeblink\facealignment\examples\release\examples.pdb
e:\vsfile\jinglun\eyeblink\facealignment\examples\examples\release\examples.tlog\cl.command.1.tlog
e:\vsfile\jinglun\eyeblink\facealignment\examples\examples\release\examples.tlog\cl.read.1.tlog
e:\vsfile\jinglun\eyeblink\facealignment\examples\examples\release\examples.tlog\cl.write.1.tlog
e:\vsfile\jinglun\eyeblink\facealignment\examples\examples\release\examples.tlog\examples.write.1u.tlog
e:\vsfile\jinglun\eyeblink\facealignment\examples\examples\release\examples.tlog\link.command.1.tlog
e:\vsfile\jinglun\eyeblink\facealignment\examples\examples\release\examples.tlog\link.read.1.tlog
e:\vsfile\jinglun\eyeblink\facealignment\examples\examples\release\examples.tlog\link.write.1.tlog
